24 [140370606112896] INFO perfrun.launcher <> - Launcher main begin
26 [140370606112896] INFO perfrun.launcher <> - MessageCatalogInit finished
26 [140370606112896] INFO perfrun.launcher <> - Launcher instance created
26 [140370606112896] INFO perfrun.launcher <> - argc = 7; cmdline = /opt/intel/oneapi/vtune/2022.2.0/bin64/amplxe-runss --ui-output-format xml --ui-output-fd 5 --option-file /home/luca/Physics-Projects/code/cpluspluscourse/code/move/r001hs/config/runss.options 
106 [140370606112896] INFO perfrun.launcher <> - create msngr2::ICliToolContext
107 [140370606112896] INFO perfrun.launcher <> - create file finder object
107 [140370606112896] INFO perfrun.launcher <> - create a result directory: pattern = /home/luca/Physics-Projects/code/cpluspluscourse/code/move/r001hs pid = 4294967295
108 [140370606112896] INFO perfrun.sdk <> - checked that the directory /home/luca/Physics-Projects/code/cpluspluscourse/code/move/r001hs is a local directory
109 [140370606112896] INFO perfrun.sdk <> - the directory /home/luca/Physics-Projects/code/cpluspluscourse/code/move/r001hs is a local directory with FS type ID 61267
109 [140370606112896] INFO perfrun.launcher <> - create data directory = /home/luca/Physics-Projects/code/cpluspluscourse/code/move/r001hs/data.0
109 [140370606112896] INFO perfrun.launcher <> - Creating the master collection flag
113 [140370606112896] INFO perfrun.launcher <> - Done creating the master collection flag
114 [140370596587264] INFO perfrun.launcher <> - plugin [remoteplug] was disabled because it doesn't support the given collection type.
114 [140370596587264] INFO perfrun.sdk <> - Allocating TMU :/home/luca/Physics-Projects/code/cpluspluscourse/code/move/r001hs/data.0/systemcollector-4108-Surface-Pro-8.sc
114 [140370596587264] INFO perfrun.system <> - Tpss based collection
114 [140370596587264] INFO perfrun.launcher <> - plugin [ptracecollector] was disabled because it doesn't support the given collection type.
114 [140370596587264] INFO perfrun.launcher <> - plugin [gpu] was disabled because it doesn't support the given collection type.
114 [140370596587264] INFO perfrun.launcher <> - plugin [] was disabled because it doesn't support the given collection type.
114 [140370596587264] INFO perfrun.launcher <> - plugin [] was disabled because it doesn't support the given collection type.
114 [140370596587264] INFO perfrun.launcher <> - plugin [] was disabled because it doesn't support the given collection type.
114 [140370596587264] INFO perfrun.mrte <> - system-wide mode is 0
114 [140370596587264] INFO perfrun.mrte <> - Getting  mrte profiling environment ...
128 [140370596587264] INFO perfrun.mrte <> - INTEL_MRTE_DATA_DIR=/home/luca/Physics-Projects/code/cpluspluscourse/code/move/r001hs/data.0
128 [140370596587264] INFO perfrun.mrte <> - INTEL_MRTE_HOST_NAME=Surface-Pro-8
128 [140370596587264] INFO perfrun.mrte <> - JAVA_TOOL_OPTIONS=-agentlib:amplxe_tpssmrte_javaprof_1.0 -Dsun.boot.library.path=/opt/intel/oneapi/vtune/2022.2.0/lib32/runtime:/opt/intel/oneapi/vtune/2022.2.0/lib64/runtime
128 [140370596587264] INFO perfrun.mrte <> - LD_LIBRARY_PATH=/opt/intel/oneapi/vtune/2022.2.0/lib32/runtime:/opt/intel/oneapi/vtune/2022.2.0/lib64/runtime:/home/luca/root/lib:/opt/intel/oneapi/tbb/2021.6.0/env/../lib/intel64/gcc4.8:/opt/intel/oneapi/debugger/2021.6.0/gdb/intel64/lib:/opt/intel/oneapi/debugger/2021.6.0/libipt/intel64/lib:/opt/intel/oneapi/debugger/2021.6.0/dep/lib:/opt/intel/oneapi/compiler/2022.1.0/linux/lib:/opt/intel/oneapi/compiler/2022.1.0/linux/lib/x64:/opt/intel/oneapi/compiler/2022.1.0/linux/lib/oclfpga/host/linux64/lib:/opt/intel/oneapi/compiler/2022.1.0/linux/compiler/lib/intel64_lin
128 [140370596587264] INFO perfrun.mrte <> - CORECLR_ENABLE_PROFILING=1
128 [140370596587264] INFO perfrun.mrte <> - CORECLR_PROFILER={AA5E4821-E3B1-479c-B7FF-5AD047D22CED}
128 [140370596587264] INFO perfrun.mrte <> - CORECLR_PROFILER_PATH=/opt/intel/oneapi/vtune/2022.2.0/lib64/libamplxe_samplingmrte_clrprof_1.0.so
128 [140370596587264] INFO perfrun.mrte <> - INTEL_MRTE_PROFILER_MODE=mixed
128 [140370596587264] INFO perfrun.mrte <> - Data directory: /home/luca/Physics-Projects/code/cpluspluscourse/code/move/r001hs/data.0
128 [140370596587264] INFO perfrun.mrte <> - Mrte plugin is initialized
128 [140370596587264] INFO perfrun.launcher <> - plugin [emon] was disabled because it doesn't support the given collection type.
128 [140370596587264] INFO perfrun.launcher <> - plugin [cuscol] was disabled because it doesn't support the given collection type.
128 [140370596587264] INFO perfrun.launcher <> - plugin [stdsrc] was disabled because it doesn't support the given collection type.
128 [140370596587264] INFO perfrun.launcher <> - plugin [sep] was disabled because it doesn't support the given collection type.
128 [140370596587264] INFO perfrun.launcher <> - plugin [vtsspp] was disabled because it doesn't support the given collection type.
128 [140370596587264] INFO perfrun.launcher <> - plugin [perf] was disabled because it doesn't support the given collection type.
128 [140370596587264] INFO perfrun.launcher <> - plugin [aoclprofile] was disabled because it doesn't support the given collection type.
128 [140370596587264] INFO perfrun.tpss <> - initialize tpss controller
128 [140370596587264] INFO perfrun.tpss <> - configure collection mode: value = cpu:counters:nostack
128 [140370596587264] INFO perfrun.tpss <> - configure collection mode: value = cpu:stack
128 [140370596587264] INFO perfrun.tpss <> - default obj-size-min=1024
128 [140370596587264] INFO perfrun.tpss <> - default hash-table-size=0
128 [140370596587264] INFO perfrun.launcher <> - plugin [media] was disabled because it doesn't support the given collection type.
128 [140370596587264] INFO perfrun.launcher <> - plugin [] was disabled because it doesn't support the given collection type.
128 [140370596587264] INFO perfrun.launcher <> - plugin [] was disabled because it doesn't support the given collection type.
128 [140370596587264] INFO perfrun.launcher <> - plugin [parallelfs] was disabled because it doesn't support the given collection type.
128 [140370596587264] INFO perfrun.launcher <> - plugin [power] was disabled because it doesn't support the given collection type.
128 [140370596587264] INFO perfrun.launcher <> - plugin [hwloc] was disabled because it doesn't support the given collection type.
128 [140370596587264] INFO perfrun.launcher <> - plugin [ipmwatch] was disabled because it doesn't support the given collection type.
128 [140370596587264] INFO perfrun.launcher <> - plugin [os_counters] was disabled because it doesn't support the given collection type.
128 [140370596587264] INFO perfrun.launcher <> - plugin [l0_metrics] was disabled because it doesn't support the given collection type.
129 [140370606112896] INFO perfrun.launcher <> - set environment variable: LD_LIBRARY_PATH = /opt/intel/oneapi/vtune/2022.2.0/lib32/runtime:/opt/intel/oneapi/vtune/2022.2.0/lib64/runtime:/home/luca/root/lib:/opt/intel/oneapi/tbb/2021.6.0/env/../lib/intel64/gcc4.8:/opt/intel/oneapi/debugger/2021.6.0/gdb/intel64/lib:/opt/intel/oneapi/debugger/2021.6.0/libipt/intel64/lib:/opt/intel/oneapi/debugger/2021.6.0/dep/lib:/opt/intel/oneapi/compiler/2022.1.0/linux/lib:/opt/intel/oneapi/compiler/2022.1.0/linux/lib/x64:/opt/intel/oneapi/compiler/2022.1.0/linux/lib/oclfpga/host/linux64/lib:/opt/intel/oneapi/compiler/2022.1.0/linux/compiler/lib/intel64_lin
129 [140370606112896] INFO perfrun.launcher <> - set environment variable: INTEL_LIBITTNOTIFY32 = /opt/intel/oneapi/vtune/2022.2.0/lib32/runtime/libittnotify_collector.so
130 [140370606112896] INFO perfrun.launcher <> - set environment variable: INTEL_LIBITTNOTIFY64 = /opt/intel/oneapi/vtune/2022.2.0/lib64/runtime/libittnotify_collector.so
130 [140370606112896] INFO perfrun.launcher <> - set environment variable: INTEL_ITTNOTIFY_GROUPS = 
131 [140370606112896] INFO perfrun.launcher <> - set environment variable: INTEL_JIT_PROFILER32 = /opt/intel/oneapi/vtune/2022.2.0/lib32/runtime/libittnotify_collector.so
131 [140370606112896] INFO perfrun.launcher <> - set environment variable: INTEL_JIT_PROFILER64 = /opt/intel/oneapi/vtune/2022.2.0/lib64/runtime/libittnotify_collector.so
132 [140370606112896] INFO perfrun.launcher <> - set environment variable: VS_PROFILER = libittnotify_collector.so
132 [140370606112896] INFO perfrun.launcher <> - set environment variable: OMP_TOOL_LIBRARIES = /opt/intel/oneapi/vtune/2022.2.0/lib32/runtime/libittnotify_collector.so:/opt/intel/oneapi/vtune/2022.2.0/lib64/runtime/libittnotify_collector.so
133 [140370606112896] INFO perfrun.launcher <> - set environment variable: ENABLE_JITPROFILING = 1
133 [140370606112896] INFO perfrun.launcher <> - set environment variable: CL_CONFIG_USE_VTUNE = True
133 [140370606112896] INFO perfrun.launcher <> - set environment variable: KMP_FORKJOIN_FRAMES = 0
133 [140370606112896] INFO perfrun.launcher <> - set environment variable: KMP_FORKJOIN_FRAMES_MODE = 0
134 [140370606112896] INFO perfrun.launcher <> - set environment variable: OMP_TOOL = disabled
134 [140370606112896] INFO perfrun.launcher <> - set environment variable: INTEL_MRTE_DATA_DIR = /home/luca/Physics-Projects/code/cpluspluscourse/code/move/r001hs/data.0
134 [140370606112896] INFO perfrun.launcher <> - set environment variable: INTEL_MRTE_HOST_NAME = Surface-Pro-8
135 [140370606112896] INFO perfrun.launcher <> - set environment variable: JAVA_TOOL_OPTIONS = -agentlib:amplxe_tpssmrte_javaprof_1.0 -Dsun.boot.library.path=/opt/intel/oneapi/vtune/2022.2.0/lib32/runtime:/opt/intel/oneapi/vtune/2022.2.0/lib64/runtime
135 [140370606112896] INFO perfrun.launcher <> - set environment variable: LD_LIBRARY_PATH = /opt/intel/oneapi/vtune/2022.2.0/lib32/runtime:/opt/intel/oneapi/vtune/2022.2.0/lib64/runtime:/home/luca/root/lib:/opt/intel/oneapi/tbb/2021.6.0/env/../lib/intel64/gcc4.8:/opt/intel/oneapi/debugger/2021.6.0/gdb/intel64/lib:/opt/intel/oneapi/debugger/2021.6.0/libipt/intel64/lib:/opt/intel/oneapi/debugger/2021.6.0/dep/lib:/opt/intel/oneapi/compiler/2022.1.0/linux/lib:/opt/intel/oneapi/compiler/2022.1.0/linux/lib/x64:/opt/intel/oneapi/compiler/2022.1.0/linux/lib/oclfpga/host/linux64/lib:/opt/intel/oneapi/compiler/2022.1.0/linux/compiler/lib/intel64_lin
135 [140370606112896] INFO perfrun.launcher <> - set environment variable: CORECLR_ENABLE_PROFILING = 1
136 [140370606112896] INFO perfrun.launcher <> - set environment variable: CORECLR_PROFILER = {AA5E4821-E3B1-479c-B7FF-5AD047D22CED}
136 [140370606112896] INFO perfrun.launcher <> - set environment variable: CORECLR_PROFILER_PATH = /opt/intel/oneapi/vtune/2022.2.0/lib64/libamplxe_samplingmrte_clrprof_1.0.so
136 [140370606112896] INFO perfrun.launcher <> - set environment variable: INTEL_MRTE_PROFILER_MODE = mixed
137 [140370606112896] INFO perfrun.launcher <> - RpcServer: run RPC server to handle requests
137 [140370606112896] INFO perfrun.launcher <> - Launcher: command line to start before modification = ./trymove
137 [140370606112896] INFO perfrun.launcher <> - Launcher: command line to start after modification = /opt/intel/oneapi/vtune/2022.2.0/bin64/pin -error_file /home/luca/Physics-Projects/code/cpluspluscourse/code/move/r001hs/data.0/pinerr.tpsslog -detach_reattach -follow_execv -tool_load_option deepbind -t64 /opt/intel/oneapi/vtune/2022.2.0/lib64/libtpsstool.so -t /opt/intel/oneapi/vtune/2022.2.0/lib32/libtpsstool.so -server_name tpss_ipc.4108 -prd_dir /opt/intel/oneapi/vtune/2022.2.0 -- ./trymove
138 [140370606112896] INFO perfrun.launcher <> - ProcessCreator object was created
138 [140370606112896] INFO perfrun.launcher <> - Launcher: the process was started in suspend mode
139 [140370596587264] WARN perfrun.system <> - Folder "/sys/kernel/debug/kvm"doesn't exist, at file: vcs/perfrun1/plugins/system/src/trace_writer.cpp:720
139 [140370596587264] WARN perfrun.system <> - Folder "/var/run/libvirt/qemu/"doesn't exist, at file: vcs/perfrun1/plugins/system/src/trace_writer.cpp:800
140 [140370596587264] WARN perfrun.sdk <> - Failed to find xl binary on any of the system paths: /bin, /sbin, /usr/bin, /usr/sbin., at file: vcs/perfrun1/sdk/src/utils.cpp:204
140 [140370596587264] WARN perfrun.system <> - Could not start ContainerMapping collector, at file: vcs/perfrun1/plugins/system/src/controller.cpp:448
144 [140370596587264] INFO perfrun.vdso <> - Helper runtool '/opt/intel/oneapi/vtune/2022.2.0/bin32/amplxe-runss -dump-vdso -r /home/luca/Physics-Projects/code/cpluspluscourse/code/move/r001hs --tmp-dir /tmp/amplxe-tmp-luca' returned 1
262 [140370596587264] INFO perfrun.vdso <> - Helper runtool '/opt/intel/oneapi/vtune/2022.2.0/bin64/amplxe-runss -dump-vdso -r /home/luca/Physics-Projects/code/cpluspluscourse/code/move/r001hs --tmp-dir /tmp/amplxe-tmp-luca' returned 0
262 [140370596587264] INFO perfrun.itt <> - start itt controller for pid #4113
262 [140370596587264] INFO perfrun.tpss <> - start tpss controller for pid #4113
313 [140370606112896] INFO perfrun.launcher <> - Launcher: all plugins were started
313 [140370606112896] INFO perfrun.launcher <> - DirectoryMonitor object was created
314 [140370606112896] INFO perfrun.launcher <> - DirectoryMonitor: a callback was added
314 [140370606112896] INFO perfrun.launcher <> - DirectoryMonitor was started with pingTime = 1000
314 [140370606112896] INFO perfrun.launcher <> - DeadlineTimer is going to be constructed
314 [140370606112896] INFO perfrun.launcher <> - DeadlineTimer: a callback was added
321 [140370606112896] INFO perfrun.launcher <> - Launcher: resume the profiled application and  wait its termination or stop command
1138 [140370606112896] INFO perfrun.launcher <> - Launcher: the profiled application was terminated  with exit code = 0
1143 [140370596587264] INFO perfrun.itt <> - detach itt controller
1143 [140370596587264] INFO perfrun.itt <> - detach itt controller done
1143 [140370596587264] INFO perfrun.tpss <> - stop tpss controller
1144 [140370596587264] INFO perfrun.sdk <> - De-allocating TMU: /home/luca/Physics-Projects/code/cpluspluscourse/code/move/r001hs/data.0/systemcollector-4108-Surface-Pro-8.sc
1144 [140370596587264] INFO perfrun.system <> - closed the system trace file: /home/luca/Physics-Projects/code/cpluspluscourse/code/move/r001hs/data.0/systemcollector-4108-Surface-Pro-8.sc
1144 [140370606112896] INFO perfrun.launcher <> - Launcher: all plugins were stopped.
1144 [140370606112896] INFO perfrun.launcher <> - DeadlineTimer is going to be destroyed
1145 [140370606112896] INFO perfrun.launcher <> - DeadlineTimer was destroyed
1145 [140370606112896] INFO perfrun.launcher <> - DirectoryMonitor object was destroyed
1145 [140370606112896] WARN perfrun.launcher <> - Stop command is ignored because it is received when collection is already stopped, at file: vcs/perfrun1/launcher/src/command_handler.cpp:226
1145 [140370606112896] INFO perfrun.launcher <> - Application exit code: 0
1145 [140370606112896] INFO perfrun.launcher <> - Exit code: 0
