15 [140553772114048] INFO perfrun.launcher <> - Launcher main begin
16 [140553772114048] INFO perfrun.launcher <> - MessageCatalogInit finished
16 [140553772114048] INFO perfrun.launcher <> - Launcher instance created
16 [140553772114048] INFO perfrun.launcher <> - argc = 6; cmdline = /opt/intel/oneapi/vtune/2022.2.0/bin64/amplxe-runss -dump-vdso -r /home/luca/Physics-Projects/code/cpluspluscourse/code/move/r001hs --tmp-dir /tmp/amplxe-tmp-luca 
86 [140553772114048] INFO perfrun.launcher <> - create msngr2::ICliToolContext
87 [140553772114048] INFO perfrun.launcher <> - create file finder object
89 [140553762588416] INFO perfrun.launcher <> - plugin [remoteplug] was disabled because it doesn't support the given collection type.
89 [140553762588416] INFO perfrun.launcher <> - plugin [system] was disabled because it doesn't support the given collection type.
89 [140553762588416] INFO perfrun.vdso <> - dumping [vdso] pseudomodule
93 [140553762588416] INFO perfrun.launcher <> - plugin [itt] was disabled because it doesn't support the given collection type.
93 [140553762588416] INFO perfrun.launcher <> - plugin [ptracecollector] was disabled because it doesn't support the given collection type.
93 [140553762588416] INFO perfrun.launcher <> - plugin [gpu] was disabled because it doesn't support the given collection type.
93 [140553762588416] INFO perfrun.launcher <> - plugin [] was disabled because it doesn't support the given collection type.
93 [140553762588416] INFO perfrun.launcher <> - plugin [] was disabled because it doesn't support the given collection type.
93 [140553762588416] INFO perfrun.launcher <> - plugin [] was disabled because it doesn't support the given collection type.
93 [140553762588416] INFO perfrun.launcher <> - plugin [mrte] was disabled because it doesn't support the given collection type.
93 [140553762588416] INFO perfrun.launcher <> - plugin [emon] was disabled because it doesn't support the given collection type.
93 [140553762588416] INFO perfrun.launcher <> - plugin [cuscol] was disabled because it doesn't support the given collection type.
93 [140553762588416] INFO perfrun.launcher <> - plugin [stdsrc] was disabled because it doesn't support the given collection type.
93 [140553762588416] INFO perfrun.launcher <> - plugin [sep] was disabled because it doesn't support the given collection type.
93 [140553762588416] INFO perfrun.launcher <> - plugin [vtsspp] was disabled because it doesn't support the given collection type.
93 [140553762588416] INFO perfrun.launcher <> - plugin [perf] was disabled because it doesn't support the given collection type.
93 [140553762588416] INFO perfrun.launcher <> - plugin [aoclprofile] was disabled because it doesn't support the given collection type.
93 [140553762588416] INFO perfrun.launcher <> - plugin [tpss] was disabled because it doesn't support the given collection type.
93 [140553762588416] INFO perfrun.launcher <> - plugin [media] was disabled because it doesn't support the given collection type.
93 [140553762588416] INFO perfrun.launcher <> - plugin [] was disabled because it doesn't support the given collection type.
93 [140553762588416] INFO perfrun.launcher <> - plugin [] was disabled because it doesn't support the given collection type.
93 [140553762588416] INFO perfrun.launcher <> - plugin [parallelfs] was disabled because it doesn't support the given collection type.
93 [140553762588416] INFO perfrun.launcher <> - plugin [power] was disabled because it doesn't support the given collection type.
93 [140553762588416] INFO perfrun.launcher <> - plugin [hwloc] was disabled because it doesn't support the given collection type.
93 [140553762588416] INFO perfrun.launcher <> - plugin [ipmwatch] was disabled because it doesn't support the given collection type.
93 [140553762588416] INFO perfrun.launcher <> - plugin [os_counters] was disabled because it doesn't support the given collection type.
93 [140553762588416] INFO perfrun.launcher <> - plugin [l0_metrics] was disabled because it doesn't support the given collection type.
94 [140553772114048] INFO perfrun.launcher <> - Application exit code: 0
94 [140553772114048] INFO perfrun.launcher <> - Exit code: 0
